0 info it worked if it ends with ok
1 verbose cli [ 'C:\\Program Files\\nodejs\\node.exe',
1 verbose cli   'C:\\Program Files\\nodejs\\node_modules\\npm\\bin\\npm-cli.js',
1 verbose cli   'run',
1 verbose cli   'gulp' ]
2 info using npm@3.10.10
3 info using node@v6.11.2
4 verbose run-script [ 'pregulp', 'gulp', 'postgulp' ]
5 info lifecycle teachmeslideshow@1.0.0~pregulp: teachmeslideshow@1.0.0
6 silly lifecycle teachmeslideshow@1.0.0~pregulp: no script for pregulp, continuing
7 info lifecycle teachmeslideshow@1.0.0~gulp: teachmeslideshow@1.0.0
8 verbose lifecycle teachmeslideshow@1.0.0~gulp: unsafe-perm in lifecycle true
9 verbose lifecycle teachmeslideshow@1.0.0~gulp: PATH: C:\Program Files\nodejs\node_modules\npm\bin\node-gyp-bin;C:\Coding\TeachMeSlideShow\node_modules\.bin;C:\Program Files\NVIDIA Corporation\PhysX\Common;C:\ProgramData\Oracle\Java\javapath;C:\WINDOWS\system32;C:\WINDOWS;C:\WINDOWS\System32\Wbem;C:\WINDOWS\System32\WindowsPowerShell\v1.0\;C:\Program Files\dotnet\;C:\Program Files\nodejs\;C:\Program Files\Git\cmd;C:\Users\Steve\AppData\Local\Microsoft\WindowsApps;;C:\Users\Steve\AppData\Local\Ladbrokes Poker\data\QT;C:\Users\Steve\AppData\Local\Ladbrokes Poker\data\OpenSSL;C:\Program Files\Microsoft VS Code\bin;C:\Users\Steve\AppData\Roaming\npm
10 verbose lifecycle teachmeslideshow@1.0.0~gulp: CWD: C:\Coding\TeachMeSlideShow
11 silly lifecycle teachmeslideshow@1.0.0~gulp: Args: [ '/d /s /c', 'gulp' ]
12 verbose stack Error: kill ENOSYS
12 verbose stack     at exports._errnoException (util.js:1020:11)
12 verbose stack     at process.kill (internal/process.js:190:13)
12 verbose stack     at process.listener (C:\Program Files\nodejs\node_modules\npm\node_modules\npmlog\node_modules\gauge\node_modules\signal-exit\index.js:86:15)
12 verbose stack     at emitNone (events.js:91:20)
12 verbose stack     at process.emit (events.js:185:7)
12 verbose stack     at processEmit (C:\Program Files\nodejs\node_modules\npm\node_modules\npmlog\node_modules\gauge\node_modules\signal-exit\index.js:146:32)
12 verbose stack     at processEmit (C:\Program Files\nodejs\node_modules\npm\node_modules\npm-registry-client\node_modules\npmlog\node_modules\gauge\node_modules\signal-exit\index.js:146:32)
12 verbose stack     at Signal.wrap.onsignal (internal/process.js:217:44)
13 verbose cwd C:\Coding\TeachMeSlideShow
14 error Windows_NT 10.0.15063
15 error argv "C:\\Program Files\\nodejs\\node.exe" "C:\\Program Files\\nodejs\\node_modules\\npm\\bin\\npm-cli.js" "run" "gulp"
16 error node v6.11.2
17 error npm  v3.10.10
18 error code ENOSYS
19 error errno ENOSYS
20 error syscall kill
21 error kill ENOSYS
22 error If you need help, you may report this error at:
22 error     <https://github.com/npm/npm/issues>
23 verbose exit [ 1, true ]
